2018-Jul-28 11:34:06.288283 INFO    [simplewallet] electrobucks wallet v0.1.7(Alpha)
2018-Jul-28 11:34:12.920600 ERROR   [simplewallet] Error: failed to load wallet: wallet file 'Mateo.wallet' is not found
2018-Jul-28 11:34:12.923234 ERROR   [simplewallet] Failed to initialize wallet
2018-Jul-28 11:34:12.924406 INFO    [BlockchainSynchronizer] Stopping...
2018-Jul-28 11:34:12.925298 INFO    [BlockchainSynchronizer] Stopped
2018-Jul-28 11:34:12.926116 INFO    [BlockchainSynchronizer] Stopping...
2018-Jul-28 11:34:12.927499 INFO    [BlockchainSynchronizer] Stopped
2018-Jul-28 11:34:12.928388 INFO    [BlockchainSynchronizer] Stopping...
2018-Jul-28 11:34:12.930179 INFO    [BlockchainSynchronizer] Stopped
2018-Jul-28 11:34:14.515099 INFO    [simplewallet] electrobucks wallet v0.1.7(Alpha)
2018-Jul-28 11:34:22.280690 INFO    [BlockchainSynchronizer] Consumer added, consumer 0x01312200, count 1
2018-Jul-28 11:34:22.282846 INFO    [BlockchainSynchronizer] Starting...
2018-Jul-28 11:34:22.284295 INFO    [BlockchainSynchronizer] Removing outdated pool transactions...
2018-Jul-28 11:34:22.285586 INFO    [BlockchainSynchronizer] Stopping...
2018-Jul-28 11:34:22.287616 ERROR   [BlockchainSynchronizer] Failed to query outdated pool transaction: NodeErrorCategory:3, Network error
2018-Jul-28 11:34:22.292329 INFO    [BlockchainSynchronizer] Retry in 5 seconds...
2018-Jul-28 11:34:22.294243 INFO    [BlockchainSynchronizer] Stopped
2018-Jul-28 11:34:22.296276 INFO    [BlockchainSynchronizer] Saving...
2018-Jul-28 11:34:22.297330 INFO    [BlockchainSynchronizer] Saved
2018-Jul-28 11:34:22.323987 INFO    [BlockchainSynchronizer] Starting...
2018-Jul-28 11:34:22.328268 INFO    [BlockchainSynchronizer] Removing outdated pool transactions...
2018-Jul-28 11:34:22.329099 INFO    [simplewallet] Generated new wallet: cat1ExohQHq8az1obBTY25BgMDSRJk8gV6rM9XpHw3fsKXqejAJiT8TDqBA2Dt8mDh9MxgBvcD3cDPN6NrPQcjJ21VLHZvsRub
2018-Jul-28 11:34:22.329099 INFO    [simplewallet] view key: 94fbdbfc70c1a678eb6d807ef776f8f4cd0fa1e781bd5e78707c923d5dff470e
2018-Jul-28 11:34:22.336841 ERROR   [BlockchainSynchronizer] Failed to query outdated pool transaction: NodeErrorCategory:3, Network error
2018-Jul-28 11:34:22.337292 INFO    [simplewallet] **********************************************************************
Your wallet has been generated.
Use "help" command to see the list of available commands.
Always use "exit" command when closing simplewallet to save
current session's state. Otherwise, you will possibly need to synchronize 
your wallet again. Your wallet key is NOT under risk anyway.
**********************************************************************
2018-Jul-28 11:34:22.339897 INFO    [BlockchainSynchronizer] Retry in 5 seconds...
2018-Jul-28 11:34:22.354807 INFO    [simplewallet] **********************************************************************
2018-Jul-28 11:34:27.356778 INFO    [BlockchainSynchronizer] Removing outdated pool transactions...
2018-Jul-28 11:34:27.360319 ERROR   [BlockchainSynchronizer] Failed to query outdated pool transaction: NodeErrorCategory:3, Network error
2018-Jul-28 11:34:27.363313 INFO    [BlockchainSynchronizer] Retry in 5 seconds...
2018-Jul-28 11:34:28.201889 ERROR   [simplewallet] Error: Failed to invoke rpc method: HTTP status: 3
2018-Jul-28 11:34:32.365656 INFO    [BlockchainSynchronizer] Removing outdated pool transactions...
2018-Jul-28 11:34:32.369494 ERROR   [BlockchainSynchronizer] Failed to query outdated pool transaction: NodeErrorCategory:3, Network error
2018-Jul-28 11:34:32.372622 INFO    [BlockchainSynchronizer] Retry in 5 seconds...
2018-Jul-28 11:34:34.202822 INFO    [BlockchainSynchronizer] Stopping...
2018-Jul-28 11:34:34.204921 INFO    [BlockchainSynchronizer] Stopped
2018-Jul-28 11:34:34.206538 INFO    [BlockchainSynchronizer] Saving...
2018-Jul-28 11:34:34.207609 INFO    [BlockchainSynchronizer] Saved
2018-Jul-28 11:34:34.231701 INFO    [BlockchainSynchronizer] Starting...
2018-Jul-28 11:34:34.235257 INFO    [BlockchainSynchronizer] Removing outdated pool transactions...
2018-Jul-28 11:34:34.236805 INFO    [BlockchainSynchronizer] Stopping...
2018-Jul-28 11:34:34.239047 ERROR   [BlockchainSynchronizer] Failed to query outdated pool transaction: NodeErrorCategory:3, Network error
2018-Jul-28 11:34:34.241806 INFO    [BlockchainSynchronizer] Retry in 5 seconds...
2018-Jul-28 11:34:34.243228 INFO    [BlockchainSynchronizer] Stopped
2018-Jul-28 11:34:34.244322 INFO    [BlockchainSynchronizer] Consumer removed, consumer 0x01312200, count 0
2018-Jul-28 11:34:34.246037 INFO    [simplewallet] Wallet closed
2018-Jul-28 11:34:34.247181 INFO    [BlockchainSynchronizer] Stopping...
2018-Jul-28 11:34:34.248262 INFO    [BlockchainSynchronizer] Stopped
2018-Jul-28 11:34:34.249304 INFO    [BlockchainSynchronizer] Stopping...
2018-Jul-28 11:34:34.251275 INFO    [BlockchainSynchronizer] Stopped
2018-Jul-28 11:34:34.252471 INFO    [BlockchainSynchronizer] Stopping...
2018-Jul-28 11:34:34.253899 INFO    [BlockchainSynchronizer] Stopped
