Determining if the pthread_create exist failed with the following output:
Change Dir: /home/mateo/Catalyst-Cash/CMakeFiles/CMakeTmp

Run Build Command:"/usr/bin/make" "cmTC_bb7cb/fast"
/usr/bin/make -f CMakeFiles/cmTC_bb7cb.dir/build.make CMakeFiles/cmTC_bb7cb.dir/build
make[1]: Entering directory '/home/mateo/Catalyst-Cash/CMakeFiles/CMakeTmp'
Building C object CMakeFiles/cmTC_bb7cb.dir/CheckSymbolExists.c.o
/usr/bin/cc     -o CMakeFiles/cmTC_bb7cb.dir/CheckSymbolExists.c.o   -c /home/mateo/Catalyst-Cash/CMakeFiles/CMakeTmp/CheckSymbolExists.c
Linking C executable cmTC_bb7cb
/usr/bin/cmake -E cmake_link_script CMakeFiles/cmTC_bb7cb.dir/link.txt --verbose=1
/usr/bin/cc       CMakeFiles/cmTC_bb7cb.dir/CheckSymbolExists.c.o  -o cmTC_bb7cb -rdynamic 
CMakeFiles/cmTC_bb7cb.dir/CheckSymbolExists.c.o: In function `main':
CheckSymbolExists.c:(.text+0x16): undefined reference to `pthread_create'
collect2: error: ld returned 1 exit status
CMakeFiles/cmTC_bb7cb.dir/build.make:97: recipe for target 'cmTC_bb7cb' failed
make[1]: *** [cmTC_bb7cb] Error 1
make[1]: Leaving directory '/home/mateo/Catalyst-Cash/CMakeFiles/CMakeTmp'
Makefile:126: recipe for target 'cmTC_bb7cb/fast' failed
make: *** [cmTC_bb7cb/fast] Error 2

File /home/mateo/Catalyst-Cash/CMakeFiles/CMakeTmp/CheckSymbolExists.c:
/* */
#include <pthread.h>

int main(int argc, char** argv)
{
  (void)argv;
#ifndef pthread_create
  return ((int*)(&pthread_create))[argc];
#else
  (void)argc;
  return 0;
#endif
}

