2018-Jul-28 11:01:00.618468 INFO    [simplewallet] electrobucks wallet v0.1.7(Alpha)
2018-Jul-28 11:01:07.999829 ERROR   [simplewallet] Error: failed to load wallet: wallet file 'Mateo.wallet' is not found
2018-Jul-28 11:01:08.002664 ERROR   [simplewallet] Failed to initialize wallet
2018-Jul-28 11:01:08.004230 INFO    [BlockchainSynchronizer] Stopping...
2018-Jul-28 11:01:08.005602 INFO    [BlockchainSynchronizer] Stopped
2018-Jul-28 11:01:08.006823 INFO    [BlockchainSynchronizer] Stopping...
2018-Jul-28 11:01:08.008018 INFO    [BlockchainSynchronizer] Stopped
2018-Jul-28 11:01:08.010777 INFO    [BlockchainSynchronizer] Stopping...
2018-Jul-28 11:01:08.012298 INFO    [BlockchainSynchronizer] Stopped
2018-Jul-28 11:01:10.023294 INFO    [simplewallet] electrobucks wallet v0.1.7(Alpha)
2018-Jul-28 11:01:16.535444 INFO    [BlockchainSynchronizer] Consumer added, consumer 0x01958200, count 1
2018-Jul-28 11:01:16.537391 INFO    [BlockchainSynchronizer] Starting...
2018-Jul-28 11:01:16.538578 INFO    [BlockchainSynchronizer] Removing outdated pool transactions...
2018-Jul-28 11:01:16.539521 INFO    [BlockchainSynchronizer] Stopping...
2018-Jul-28 11:01:16.542088 ERROR   [BlockchainSynchronizer] Failed to query outdated pool transaction: NodeErrorCategory:3, Network error
2018-Jul-28 11:01:16.544257 INFO    [BlockchainSynchronizer] Retry in 5 seconds...
2018-Jul-28 11:01:16.546310 INFO    [BlockchainSynchronizer] Stopped
2018-Jul-28 11:01:16.547365 INFO    [BlockchainSynchronizer] Saving...
2018-Jul-28 11:01:16.548932 INFO    [BlockchainSynchronizer] Saved
2018-Jul-28 11:01:16.570174 INFO    [BlockchainSynchronizer] Starting...
2018-Jul-28 11:01:16.573015 INFO    [BlockchainSynchronizer] Removing outdated pool transactions...
2018-Jul-28 11:01:16.574174 INFO    [simplewallet] Generated new wallet: cat1JyTVZJrBrkZKm5QZx4BJAtBsTGrqkLi9JcTtSZUBHVg4teDEDNb7nwxdqC1bVjZTC6joyp3LCQR7vdA6cPps4BuvaZeooh
2018-Jul-28 11:01:16.574174 INFO    [simplewallet] view key: 39e9b62b6ead3f7dace31ef61c99419ca4721ddfedc55a1c15155d38af065f01
2018-Jul-28 11:01:16.583048 ERROR   [BlockchainSynchronizer] Failed to query outdated pool transaction: NodeErrorCategory:3, Network error
2018-Jul-28 11:01:16.583382 INFO    [simplewallet] **********************************************************************
Your wallet has been generated.
Use "help" command to see the list of available commands.
Always use "exit" command when closing simplewallet to save
current session's state. Otherwise, you will possibly need to synchronize 
your wallet again. Your wallet key is NOT under risk anyway.
**********************************************************************
2018-Jul-28 11:01:16.585319 INFO    [BlockchainSynchronizer] Retry in 5 seconds...
2018-Jul-28 11:01:16.598359 INFO    [simplewallet] **********************************************************************
2018-Jul-28 11:01:21.600010 INFO    [BlockchainSynchronizer] Removing outdated pool transactions...
2018-Jul-28 11:01:21.602128 ERROR   [BlockchainSynchronizer] Failed to query outdated pool transaction: NodeErrorCategory:3, Network error
2018-Jul-28 11:01:21.604277 INFO    [BlockchainSynchronizer] Retry in 5 seconds...
2018-Jul-28 11:01:26.606218 INFO    [BlockchainSynchronizer] Removing outdated pool transactions...
2018-Jul-28 11:01:26.610208 ERROR   [BlockchainSynchronizer] Failed to query outdated pool transaction: NodeErrorCategory:3, Network error
2018-Jul-28 11:01:26.613022 INFO    [BlockchainSynchronizer] Retry in 5 seconds...
2018-Jul-28 11:01:31.615095 INFO    [BlockchainSynchronizer] Removing outdated pool transactions...
2018-Jul-28 11:01:31.619176 ERROR   [BlockchainSynchronizer] Failed to query outdated pool transaction: NodeErrorCategory:3, Network error
2018-Jul-28 11:01:31.621175 INFO    [BlockchainSynchronizer] Retry in 5 seconds...
2018-Jul-28 11:01:36.624381 INFO    [BlockchainSynchronizer] Removing outdated pool transactions...
2018-Jul-28 11:01:36.629005 ERROR   [BlockchainSynchronizer] Failed to query outdated pool transaction: NodeErrorCategory:3, Network error
2018-Jul-28 11:01:36.631587 INFO    [BlockchainSynchronizer] Retry in 5 seconds...
2018-Jul-28 11:01:36.712843 INFO    [BlockchainSynchronizer] Stopping...
2018-Jul-28 11:01:36.715567 INFO    [BlockchainSynchronizer] Stopped
2018-Jul-28 11:01:36.716806 INFO    [BlockchainSynchronizer] Saving...
2018-Jul-28 11:01:36.719060 INFO    [BlockchainSynchronizer] Saved
2018-Jul-28 11:01:36.741547 INFO    [BlockchainSynchronizer] Starting...
2018-Jul-28 11:01:36.744876 INFO    [BlockchainSynchronizer] Removing outdated pool transactions...
2018-Jul-28 11:01:36.746309 INFO    [BlockchainSynchronizer] Stopping...
2018-Jul-28 11:01:36.748793 ERROR   [BlockchainSynchronizer] Failed to query outdated pool transaction: NodeErrorCategory:3, Network error
2018-Jul-28 11:01:36.752617 INFO    [BlockchainSynchronizer] Retry in 5 seconds...
2018-Jul-28 11:01:36.754360 INFO    [BlockchainSynchronizer] Stopped
2018-Jul-28 11:01:36.755490 INFO    [BlockchainSynchronizer] Consumer removed, consumer 0x01958200, count 0
2018-Jul-28 11:01:36.757193 INFO    [simplewallet] Wallet closed
2018-Jul-28 11:01:36.758240 INFO    [BlockchainSynchronizer] Stopping...
2018-Jul-28 11:01:36.759264 INFO    [BlockchainSynchronizer] Stopped
2018-Jul-28 11:01:36.760725 INFO    [BlockchainSynchronizer] Stopping...
2018-Jul-28 11:01:36.761786 INFO    [BlockchainSynchronizer] Stopped
2018-Jul-28 11:01:36.762782 INFO    [BlockchainSynchronizer] Stopping...
2018-Jul-28 11:01:36.763844 INFO    [BlockchainSynchronizer] Stopped
